  [1m[35m (0.1ms)[0m  [1m[34mSELECT sqlite_version(*)[0m
  ↳ /var/lib/gems/2.3.0/gems/rake-12.3.1/lib/rake/task.rb:271
  [1m[35m (6.2ms)[0m  [1m[35mCREATE TABLE "schema_migrations" ("version" varchar NOT NULL PRIMARY KEY)[0m
  ↳ /var/lib/gems/2.3.0/gems/rake-12.3.1/lib/rake/task.rb:271
  [1m[35m (5.0ms)[0m  [1m[35mCREATE TABLE "ar_internal_metadata" ("key" varchar NOT NULL PRIMARY KEY, "value" varchar, "created_at" datetime NOT NULL, "updated_at" datetime NOT NULL)[0m
  ↳ /var/lib/gems/2.3.0/gems/rake-12.3.1/lib/rake/task.rb:271
  [1m[35m (0.2ms)[0m  [1m[34mSELECT "schema_migrations"."version" FROM "schema_migrations" ORDER BY "schema_migrations"."version" ASC[0m
  ↳ /var/lib/gems/2.3.0/gems/rake-12.3.1/lib/rake/task.rb:271
Migrating to CreateCompanies (20180927152944)
  [1m[35m (0.0ms)[0m  [1m[36mbegin transaction[0m
  ↳ /var/lib/gems/2.3.0/gems/rake-12.3.1/lib/rake/task.rb:271
  [1m[35m (0.3ms)[0m  [1m[35mCREATE TABLE "companies" ("id" integer PRIMARY KEY AUTOINCREMENT NOT NULL, "name" varchar, "addres" varchar, "size" varchar, "revenue" integer, "synopsis" text, "created_at" datetime NOT NULL, "updated_at" datetime NOT NULL)[0m
  ↳ db/migrate/20180927152944_create_companies.rb:3
  [1m[36mActiveRecord::SchemaMigration Create (0.1ms)[0m  [1m[32mINSERT INTO "schema_migrations" ("version") VALUES (?)[0m  [["version", "20180927152944"]]
  ↳ /var/lib/gems/2.3.0/gems/rake-12.3.1/lib/rake/task.rb:271
  [1m[35m (5.1ms)[0m  [1m[36mcommit transaction[0m
  ↳ /var/lib/gems/2.3.0/gems/rake-12.3.1/lib/rake/task.rb:271
  [1m[36mActiveRecord::InternalMetadata Load (0.1ms)[0m  [1m[34mSELECT  "ar_internal_metadata".* FROM "ar_internal_metadata" WHERE "ar_internal_metadata"."key" = ? LIMIT ?[0m  [["key", "environment"], ["LIMIT", 1]]
  ↳ /var/lib/gems/2.3.0/gems/rake-12.3.1/lib/rake/task.rb:271
  [1m[35m (0.1ms)[0m  [1m[36mbegin transaction[0m
  ↳ /var/lib/gems/2.3.0/gems/rake-12.3.1/lib/rake/task.rb:271
  [1m[36mActiveRecord::InternalMetadata Create (0.2ms)[0m  [1m[32mINSERT INTO "ar_internal_metadata" ("key", "value", "created_at", "updated_at") VALUES (?, ?, ?, ?)[0m  [["key", "environment"], ["value", "development"], ["created_at", "2018-09-27 15:31:15.816876"], ["updated_at", "2018-09-27 15:31:15.816876"]]
  ↳ /var/lib/gems/2.3.0/gems/rake-12.3.1/lib/rake/task.rb:271
  [1m[35m (4.0ms)[0m  [1m[36mcommit transaction[0m
  ↳ /var/lib/gems/2.3.0/gems/rake-12.3.1/lib/rake/task.rb:271
  [1m[35m (0.2ms)[0m  [1m[34mSELECT "schema_migrations"."version" FROM "schema_migrations" ORDER BY "schema_migrations"."version" ASC[0m
  ↳ /var/lib/gems/2.3.0/gems/rake-12.3.1/lib/rake/task.rb:271
  [1m[35m (0.1ms)[0m  [1m[34mSELECT "schema_migrations"."version" FROM "schema_migrations" ORDER BY "schema_migrations"."version" ASC[0m
  ↳ /var/lib/gems/2.3.0/gems/rake-12.3.1/lib/rake/task.rb:271
Migrating to AddFoundedToCompanies (20180927153335)
  [1m[35m (0.0ms)[0m  [1m[36mbegin transaction[0m
  ↳ /var/lib/gems/2.3.0/gems/rake-12.3.1/lib/rake/task.rb:271
  [1m[35m (0.3ms)[0m  [1m[35mALTER TABLE "companies" ADD "founded" integer[0m
  ↳ db/migrate/20180927153335_add_founded_to_companies.rb:3
  [1m[36mActiveRecord::SchemaMigration Create (0.1ms)[0m  [1m[32mINSERT INTO "schema_migrations" ("version") VALUES (?)[0m  [["version", "20180927153335"]]
  ↳ /var/lib/gems/2.3.0/gems/rake-12.3.1/lib/rake/task.rb:271
  [1m[35m (6.0ms)[0m  [1m[36mcommit transaction[0m
  ↳ /var/lib/gems/2.3.0/gems/rake-12.3.1/lib/rake/task.rb:271
  [1m[36mActiveRecord::InternalMetadata Load (0.1ms)[0m  [1m[34mSELECT  "ar_internal_metadata".* FROM "ar_internal_metadata" WHERE "ar_internal_metadata"."key" = ? LIMIT ?[0m  [["key", "environment"], ["LIMIT", 1]]
  ↳ /var/lib/gems/2.3.0/gems/rake-12.3.1/lib/rake/task.rb:271
  [1m[35m (0.1ms)[0m  [1m[36mbegin transaction[0m
  ↳ /var/lib/gems/2.3.0/gems/rake-12.3.1/lib/rake/task.rb:271
  [1m[35m (0.0ms)[0m  [1m[36mcommit transaction[0m
  ↳ /var/lib/gems/2.3.0/gems/rake-12.3.1/lib/rake/task.rb:271
  [1m[35m (0.1ms)[0m  [1m[34mSELECT "schema_migrations"."version" FROM "schema_migrations" ORDER BY "schema_migrations"."version" ASC[0m
  ↳ /var/lib/gems/2.3.0/gems/rake-12.3.1/lib/rake/task.rb:271
  [1m[35m (0.2ms)[0m  [1m[36mbegin transaction[0m
  [1m[36mCompany Create (0.6ms)[0m  [1m[32mINSERT INTO "companies" ("name", "created_at", "updated_at", "founded") VALUES (?, ?, ?, ?)[0m  [["name", "ojas"], ["created_at", "2018-09-27 15:53:12.187209"], ["updated_at", "2018-09-27 15:53:12.187209"], ["founded", 1998]]
  [1m[35m (5.8ms)[0m  [1m[36mcommit transaction[0m
  [1m[35m (0.1ms)[0m  [1m[34mSELECT "schema_migrations"."version" FROM "schema_migrations" ORDER BY "schema_migrations"."version" ASC[0m
  ↳ /var/lib/gems/2.3.0/gems/rake-12.3.1/lib/rake/task.rb:271
Migrating to CreateListings (20180927162124)
  [1m[35m (0.1ms)[0m  [1m[36mbegin transaction[0m
  ↳ /var/lib/gems/2.3.0/gems/rake-12.3.1/lib/rake/task.rb:271
  [1m[35m (0.1ms)[0m  [1m[34mSELECT sqlite_version(*)[0m
  ↳ db/migrate/20180927162124_create_listings.rb:3
  [1m[35m (0.2ms)[0m  [1m[35mCREATE TABLE "listings" ("id" integer PRIMARY KEY AUTOINCREMENT NOT NULL, "location" varchar, "square_footage" integer, "year_built" integer, "style" varchar, "list_price" integer, "floors" integer, "basement" boolean, "current_house_owner" varchar, "contact" integer, "created_at" datetime NOT NULL, "updated_at" datetime NOT NULL)[0m
  ↳ db/migrate/20180927162124_create_listings.rb:3
  [1m[36mActiveRecord::SchemaMigration Create (0.1ms)[0m  [1m[32mINSERT INTO "schema_migrations" ("version") VALUES (?)[0m  [["version", "20180927162124"]]
  ↳ /var/lib/gems/2.3.0/gems/rake-12.3.1/lib/rake/task.rb:271
  [1m[35m (14.6ms)[0m  [1m[36mcommit transaction[0m
  ↳ /var/lib/gems/2.3.0/gems/rake-12.3.1/lib/rake/task.rb:271
  [1m[36mActiveRecord::InternalMetadata Load (0.1ms)[0m  [1m[34mSELECT  "ar_internal_metadata".* FROM "ar_internal_metadata" WHERE "ar_internal_metadata"."key" = ? LIMIT ?[0m  [["key", "environment"], ["LIMIT", 1]]
  ↳ /var/lib/gems/2.3.0/gems/rake-12.3.1/lib/rake/task.rb:271
  [1m[35m (0.0ms)[0m  [1m[36mbegin transaction[0m
  ↳ /var/lib/gems/2.3.0/gems/rake-12.3.1/lib/rake/task.rb:271
  [1m[35m (0.0ms)[0m  [1m[36mcommit transaction[0m
  ↳ /var/lib/gems/2.3.0/gems/rake-12.3.1/lib/rake/task.rb:271
  [1m[35m (0.1ms)[0m  [1m[34mSELECT "schema_migrations"."version" FROM "schema_migrations" ORDER BY "schema_migrations"."version" ASC[0m
  ↳ /var/lib/gems/2.3.0/gems/rake-12.3.1/lib/rake/task.rb:271
  [1m[35m (0.1ms)[0m  [1m[34mSELECT "schema_migrations"."version" FROM "schema_migrations" ORDER BY "schema_migrations"."version" ASC[0m
  ↳ /var/lib/gems/2.3.0/gems/rake-12.3.1/lib/rake/task.rb:271
Migrating to CreateEnquiries (20180927162752)
  [1m[35m (0.0ms)[0m  [1m[36mbegin transaction[0m
  ↳ /var/lib/gems/2.3.0/gems/rake-12.3.1/lib/rake/task.rb:271
  [1m[35m (0.1ms)[0m  [1m[34mSELECT sqlite_version(*)[0m
  ↳ db/migrate/20180927162752_create_enquiries.rb:3
  [1m[35m (0.2ms)[0m  [1m[35mCREATE TABLE "enquiries" ("id" integer PRIMARY KEY AUTOINCREMENT NOT NULL, "subject" varchar, "message_content" text, "created_at" datetime NOT NULL, "updated_at" datetime NOT NULL)[0m
  ↳ db/migrate/20180927162752_create_enquiries.rb:3
  [1m[36mActiveRecord::SchemaMigration Create (0.1ms)[0m  [1m[32mINSERT INTO "schema_migrations" ("version") VALUES (?)[0m  [["version", "20180927162752"]]
  ↳ /var/lib/gems/2.3.0/gems/rake-12.3.1/lib/rake/task.rb:271
  [1m[35m (7.3ms)[0m  [1m[36mcommit transaction[0m
  ↳ /var/lib/gems/2.3.0/gems/rake-12.3.1/lib/rake/task.rb:271
  [1m[36mActiveRecord::InternalMetadata Load (0.2ms)[0m  [1m[34mSELECT  "ar_internal_metadata".* FROM "ar_internal_metadata" WHERE "ar_internal_metadata"."key" = ? LIMIT ?[0m  [["key", "environment"], ["LIMIT", 1]]
  ↳ /var/lib/gems/2.3.0/gems/rake-12.3.1/lib/rake/task.rb:271
  [1m[35m (0.1ms)[0m  [1m[36mbegin transaction[0m
  ↳ /var/lib/gems/2.3.0/gems/rake-12.3.1/lib/rake/task.rb:271
  [1m[35m (0.0ms)[0m  [1m[36mcommit transaction[0m
  ↳ /var/lib/gems/2.3.0/gems/rake-12.3.1/lib/rake/task.rb:271
  [1m[35m (0.1ms)[0m  [1m[34mSELECT "schema_migrations"."version" FROM "schema_migrations" ORDER BY "schema_migrations"."version" ASC[0m
  ↳ /var/lib/gems/2.3.0/gems/rake-12.3.1/lib/rake/task.rb:271
  [1m[35m (0.1ms)[0m  [1m[34mSELECT "schema_migrations"."version" FROM "schema_migrations" ORDER BY "schema_migrations"."version" ASC[0m
  ↳ /var/lib/gems/2.3.0/gems/rake-12.3.1/lib/rake/task.rb:271
Migrating to CreateUsers (20180927165319)
  [1m[35m (0.0ms)[0m  [1m[36mbegin transaction[0m
  ↳ /var/lib/gems/2.3.0/gems/rake-12.3.1/lib/rake/task.rb:271
  [1m[35m (0.1ms)[0m  [1m[34mSELECT sqlite_version(*)[0m
  ↳ db/migrate/20180927165319_create_users.rb:3
  [1m[35m (0.3ms)[0m  [1m[35mCREATE TABLE "users" ("id" integer PRIMARY KEY AUTOINCREMENT NOT NULL, "name" varchar, "email" varchar, "password" varchar, "phone" integer, "created_at" datetime NOT NULL, "updated_at" datetime NOT NULL)[0m
  ↳ db/migrate/20180927165319_create_users.rb:3
  [1m[36mActiveRecord::SchemaMigration Create (0.1ms)[0m  [1m[32mINSERT INTO "schema_migrations" ("version") VALUES (?)[0m  [["version", "20180927165319"]]
  ↳ /var/lib/gems/2.3.0/gems/rake-12.3.1/lib/rake/task.rb:271
  [1m[35m (7.5ms)[0m  [1m[36mcommit transaction[0m
  ↳ /var/lib/gems/2.3.0/gems/rake-12.3.1/lib/rake/task.rb:271
  [1m[36mActiveRecord::InternalMetadata Load (0.1ms)[0m  [1m[34mSELECT  "ar_internal_metadata".* FROM "ar_internal_metadata" WHERE "ar_internal_metadata"."key" = ? LIMIT ?[0m  [["key", "environment"], ["LIMIT", 1]]
  ↳ /var/lib/gems/2.3.0/gems/rake-12.3.1/lib/rake/task.rb:271
  [1m[35m (0.0ms)[0m  [1m[36mbegin transaction[0m
  ↳ /var/lib/gems/2.3.0/gems/rake-12.3.1/lib/rake/task.rb:271
  [1m[35m (0.0ms)[0m  [1m[36mcommit transaction[0m
  ↳ /var/lib/gems/2.3.0/gems/rake-12.3.1/lib/rake/task.rb:271
  [1m[35m (0.1ms)[0m  [1m[34mSELECT "schema_migrations"."version" FROM "schema_migrations" ORDER BY "schema_migrations"."version" ASC[0m
  ↳ /var/lib/gems/2.3.0/gems/rake-12.3.1/lib/rake/task.rb:271
  [1m[35m (0.1ms)[0m  [1m[34mSELECT "schema_migrations"."version" FROM "schema_migrations" ORDER BY "schema_migrations"."version" ASC[0m
  ↳ /var/lib/gems/2.3.0/gems/rake-12.3.1/lib/rake/task.rb:271
Migrating to AddUserIdToEnquiry (20180927180319)
  [1m[35m (0.0ms)[0m  [1m[36mbegin transaction[0m
  ↳ /var/lib/gems/2.3.0/gems/rake-12.3.1/lib/rake/task.rb:271
  [1m[35m (0.3ms)[0m  [1m[35mALTER TABLE "enquiries" ADD "user_id" references[0m
  ↳ db/migrate/20180927180319_add_user_id_to_enquiry.rb:3
  [1m[35m (0.0ms)[0m  [1m[31mrollback transaction[0m
  ↳ /var/lib/gems/2.3.0/gems/rake-12.3.1/lib/rake/task.rb:271
  [1m[35m (0.1ms)[0m  [1m[34mSELECT "schema_migrations"."version" FROM "schema_migrations" ORDER BY "schema_migrations"."version" ASC[0m
  ↳ /var/lib/gems/2.3.0/gems/rake-12.3.1/lib/rake/task.rb:271
  [1m[35m (0.0ms)[0m  [1m[34mSELECT "schema_migrations"."version" FROM "schema_migrations" ORDER BY "schema_migrations"."version" ASC[0m
  ↳ /var/lib/gems/2.3.0/gems/rake-12.3.1/lib/rake/task.rb:271
  [1m[35m (0.0ms)[0m  [1m[34mSELECT "schema_migrations"."version" FROM "schema_migrations" ORDER BY "schema_migrations"."version" ASC[0m
  ↳ /var/lib/gems/2.3.0/gems/rake-12.3.1/lib/rake/task.rb:271
  [1m[35m (0.0ms)[0m  [1m[34mSELECT "schema_migrations"."version" FROM "schema_migrations" ORDER BY "schema_migrations"."version" ASC[0m
  ↳ /var/lib/gems/2.3.0/gems/rake-12.3.1/lib/rake/task.rb:271
Migrating to CreateUsers (20180927165319)
  [1m[35m (0.0ms)[0m  [1m[36mbegin transaction[0m
  ↳ /var/lib/gems/2.3.0/gems/rake-12.3.1/lib/rake/task.rb:271
  [1m[35m (0.2ms)[0m  [1m[35mDROP TABLE "users"[0m
  ↳ /var/lib/gems/2.3.0/gems/rake-12.3.1/lib/rake/task.rb:271
  [1m[36mActiveRecord::SchemaMigration Destroy (0.1ms)[0m  [1m[31mDELETE FROM "schema_migrations" WHERE "schema_migrations"."version" = ?[0m  [["version", "20180927165319"]]
  ↳ /var/lib/gems/2.3.0/gems/rake-12.3.1/lib/rake/task.rb:271
  [1m[35m (4.2ms)[0m  [1m[36mcommit transaction[0m
  ↳ /var/lib/gems/2.3.0/gems/rake-12.3.1/lib/rake/task.rb:271
  [1m[35m (0.3ms)[0m  [1m[34mSELECT "schema_migrations"."version" FROM "schema_migrations" ORDER BY "schema_migrations"."version" ASC[0m
  ↳ /var/lib/gems/2.3.0/gems/rake-12.3.1/lib/rake/task.rb:271
  [1m[35m (0.1ms)[0m  [1m[34mSELECT "schema_migrations"."version" FROM "schema_migrations" ORDER BY "schema_migrations"."version" ASC[0m
  ↳ /var/lib/gems/2.3.0/gems/rake-12.3.1/lib/rake/task.rb:271
Migrating to CreateUsers (20180927165319)
  [1m[35m (0.0ms)[0m  [1m[36mbegin transaction[0m
  ↳ /var/lib/gems/2.3.0/gems/rake-12.3.1/lib/rake/task.rb:271
  [1m[35m (0.1ms)[0m  [1m[34mSELECT sqlite_version(*)[0m
  ↳ db/migrate/20180927165319_create_users.rb:3
  [1m[35m (0.2ms)[0m  [1m[35mCREATE TABLE "users" ("id" integer PRIMARY KEY AUTOINCREMENT NOT NULL, "name" varchar, "email" varchar, "password" varchar, "phone" integer, "created_at" datetime NOT NULL, "updated_at" datetime NOT NULL)[0m
  ↳ db/migrate/20180927165319_create_users.rb:3
  [1m[36mActiveRecord::SchemaMigration Create (0.1ms)[0m  [1m[32mINSERT INTO "schema_migrations" ("version") VALUES (?)[0m  [["version", "20180927165319"]]
  ↳ /var/lib/gems/2.3.0/gems/rake-12.3.1/lib/rake/task.rb:271
  [1m[35m (5.8ms)[0m  [1m[36mcommit transaction[0m
  ↳ /var/lib/gems/2.3.0/gems/rake-12.3.1/lib/rake/task.rb:271
Migrating to AddUserIdToEnquiry (20180927180319)
  [1m[35m (0.0ms)[0m  [1m[36mbegin transaction[0m
  ↳ /var/lib/gems/2.3.0/gems/rake-12.3.1/lib/rake/task.rb:271
  [1m[35m (0.3ms)[0m  [1m[35mALTER TABLE "enquiry" ADD "user_id" references[0m
  ↳ db/migrate/20180927180319_add_user_id_to_enquiry.rb:3
  [1m[35m (0.0ms)[0m  [1m[31mrollback transaction[0m
  ↳ /var/lib/gems/2.3.0/gems/rake-12.3.1/lib/rake/task.rb:271
  [1m[35m (0.1ms)[0m  [1m[34mSELECT "schema_migrations"."version" FROM "schema_migrations" ORDER BY "schema_migrations"."version" ASC[0m
  ↳ /var/lib/gems/2.3.0/gems/rake-12.3.1/lib/rake/task.rb:271
Migrating to AddUserIdToEnquiry (20180927180319)
  [1m[35m (0.0ms)[0m  [1m[36mbegin transaction[0m
  ↳ /var/lib/gems/2.3.0/gems/rake-12.3.1/lib/rake/task.rb:271
  [1m[35m (0.3ms)[0m  [1m[35mALTER TABLE "enquiries" ADD "user_id" references[0m
  ↳ db/migrate/20180927180319_add_user_id_to_enquiry.rb:3
  [1m[35m (0.0ms)[0m  [1m[31mrollback transaction[0m
  ↳ /var/lib/gems/2.3.0/gems/rake-12.3.1/lib/rake/task.rb:271
  [1m[35m (0.1ms)[0m  [1m[34mSELECT "schema_migrations"."version" FROM "schema_migrations" ORDER BY "schema_migrations"."version" ASC[0m
  ↳ /var/lib/gems/2.3.0/gems/rake-12.3.1/lib/rake/task.rb:271
Migrating to AddUserRefToEnquiries (20180927181904)
  [1m[35m (0.0ms)[0m  [1m[36mbegin transaction[0m
  ↳ /var/lib/gems/2.3.0/gems/rake-12.3.1/lib/rake/task.rb:271
  [1m[35m (0.4ms)[0m  [1m[35mALTER TABLE "enquiries" ADD "user_id" integer[0m
  ↳ db/migrate/20180927181904_add_user_ref_to_enquiries.rb:3
  [1m[35m (0.1ms)[0m  [1m[34mSELECT sqlite_version(*)[0m
  ↳ db/migrate/20180927181904_add_user_ref_to_enquiries.rb:3
  [1m[35m (0.2ms)[0m  [1m[35mCREATE  INDEX "index_enquiries_on_user_id" ON "enquiries" ("user_id")[0m
  ↳ db/migrate/20180927181904_add_user_ref_to_enquiries.rb:3
  [1m[36mActiveRecord::SchemaMigration Create (0.1ms)[0m  [1m[32mINSERT INTO "schema_migrations" ("version") VALUES (?)[0m  [["version", "20180927181904"]]
  ↳ /var/lib/gems/2.3.0/gems/rake-12.3.1/lib/rake/task.rb:271
  [1m[35m (6.7ms)[0m  [1m[36mcommit transaction[0m
  ↳ /var/lib/gems/2.3.0/gems/rake-12.3.1/lib/rake/task.rb:271
  [1m[36mActiveRecord::InternalMetadata Load (0.1ms)[0m  [1m[34mSELECT  "ar_internal_metadata".* FROM "ar_internal_metadata" WHERE "ar_internal_metadata"."key" = ? LIMIT ?[0m  [["key", "environment"], ["LIMIT", 1]]
  ↳ /var/lib/gems/2.3.0/gems/rake-12.3.1/lib/rake/task.rb:271
  [1m[35m (0.0ms)[0m  [1m[36mbegin transaction[0m
  ↳ /var/lib/gems/2.3.0/gems/rake-12.3.1/lib/rake/task.rb:271
  [1m[35m (0.0ms)[0m  [1m[36mcommit transaction[0m
  ↳ /var/lib/gems/2.3.0/gems/rake-12.3.1/lib/rake/task.rb:271
  [1m[35m (0.1ms)[0m  [1m[34mSELECT "schema_migrations"."version" FROM "schema_migrations" ORDER BY "schema_migrations"."version" ASC[0m
  ↳ /var/lib/gems/2.3.0/gems/rake-12.3.1/lib/rake/task.rb:271
  [1m[35m (0.1ms)[0m  [1m[34mSELECT "schema_migrations"."version" FROM "schema_migrations" ORDER BY "schema_migrations"."version" ASC[0m
  ↳ /var/lib/gems/2.3.0/gems/rake-12.3.1/lib/rake/task.rb:271
Migrating to AddUserRefToListing (20180927182331)
  [1m[35m (0.0ms)[0m  [1m[36mbegin transaction[0m
  ↳ /var/lib/gems/2.3.0/gems/rake-12.3.1/lib/rake/task.rb:271
  [1m[35m (0.3ms)[0m  [1m[35mALTER TABLE "listings" ADD "user_id" integer[0m
  ↳ db/migrate/20180927182331_add_user_ref_to_listing.rb:3
  [1m[35m (0.1ms)[0m  [1m[34mSELECT sqlite_version(*)[0m
  ↳ db/migrate/20180927182331_add_user_ref_to_listing.rb:3
  [1m[35m (0.1ms)[0m  [1m[35mCREATE  INDEX "index_listings_on_user_id" ON "listings" ("user_id")[0m
  ↳ db/migrate/20180927182331_add_user_ref_to_listing.rb:3
  [1m[36mActiveRecord::SchemaMigration Create (0.1ms)[0m  [1m[32mINSERT INTO "schema_migrations" ("version") VALUES (?)[0m  [["version", "20180927182331"]]
  ↳ /var/lib/gems/2.3.0/gems/rake-12.3.1/lib/rake/task.rb:271
  [1m[35m (5.3ms)[0m  [1m[36mcommit transaction[0m
  ↳ /var/lib/gems/2.3.0/gems/rake-12.3.1/lib/rake/task.rb:271
  [1m[36mActiveRecord::InternalMetadata Load (0.1ms)[0m  [1m[34mSELECT  "ar_internal_metadata".* FROM "ar_internal_metadata" WHERE "ar_internal_metadata"."key" = ? LIMIT ?[0m  [["key", "environment"], ["LIMIT", 1]]
  ↳ /var/lib/gems/2.3.0/gems/rake-12.3.1/lib/rake/task.rb:271
  [1m[35m (0.0ms)[0m  [1m[36mbegin transaction[0m
  ↳ /var/lib/gems/2.3.0/gems/rake-12.3.1/lib/rake/task.rb:271
  [1m[35m (0.0ms)[0m  [1m[36mcommit transaction[0m
  ↳ /var/lib/gems/2.3.0/gems/rake-12.3.1/lib/rake/task.rb:271
  [1m[35m (0.1ms)[0m  [1m[34mSELECT "schema_migrations"."version" FROM "schema_migrations" ORDER BY "schema_migrations"."version" ASC[0m
  ↳ /var/lib/gems/2.3.0/gems/rake-12.3.1/lib/rake/task.rb:271
Started GET "/" for 127.0.0.1 at 2018-09-27 14:55:27 -0400
  [1m[35m (0.1ms)[0m  [1m[34mSELECT "schema_migrations"."version" FROM "schema_migrations" ORDER BY "schema_migrations"."version" ASC[0m
  ↳ /var/lib/gems/2.3.0/gems/web-console-3.7.0/lib/web_console/middleware.rb:135
Processing by Rails::WelcomeController#index as HTML
  Rendering /home/ojas/.gem/ruby/2.3.0/gems/railties-5.2.1/lib/rails/templates/rails/welcome/index.html.erb
  Rendered /home/ojas/.gem/ruby/2.3.0/gems/railties-5.2.1/lib/rails/templates/rails/welcome/index.html.erb (5.5ms)
Completed 200 OK in 24ms (Views: 16.6ms | ActiveRecord: 0.0ms)


Started GET "/" for 127.0.0.1 at 2018-09-27 14:59:42 -0400
Processing by CompaniesController#index as HTML
  Rendering companies/index.html.erb within layouts/application
  [1m[36mCompany Load (0.2ms)[0m  [1m[34mSELECT "companies".* FROM "companies"[0m
  ↳ app/views/companies/index.html.erb:18
  Rendered companies/index.html.erb within layouts/application (12.4ms)
Completed 200 OK in 509ms (Views: 506.5ms | ActiveRecord: 0.7ms)


Started GET "/companies/new" for 127.0.0.1 at 2018-09-27 15:04:24 -0400
Processing by CompaniesController#new as HTML
  Rendering companies/new.html.erb within layouts/application
  Rendered companies/_form.html.erb (44.0ms)
  Rendered companies/new.html.erb within layouts/application (45.7ms)
Completed 200 OK in 80ms (Views: 76.4ms | ActiveRecord: 0.0ms)


Started GET "/companies" for 127.0.0.1 at 2018-09-27 15:04:42 -0400
Processing by CompaniesController#index as HTML
  Rendering companies/index.html.erb within layouts/application
  [1m[36mCompany Load (0.1ms)[0m  [1m[34mSELECT "companies".* FROM "companies"[0m
  ↳ app/views/companies/index.html.erb:18
  Rendered companies/index.html.erb within layouts/application (2.1ms)
Completed 200 OK in 29ms (Views: 27.1ms | ActiveRecord: 0.1ms)


Started GET "/companies/1" for 127.0.0.1 at 2018-09-27 15:04:44 -0400
Processing by CompaniesController#show as HTML
  Parameters: {"id"=>"1"}
  [1m[36mCompany Load (0.8ms)[0m  [1m[34mSELECT  "companies".* FROM "companies" WHERE "companies"."id" = ? LIMIT ?[0m  [["id", 1], ["LIMIT", 1]]
  ↳ app/controllers/companies_controller.rb:67
  Rendering companies/show.html.erb within layouts/application
  Rendered companies/show.html.erb within layouts/application (1.9ms)
Completed 200 OK in 42ms (Views: 30.7ms | ActiveRecord: 0.8ms)


Started GET "/companies/1/edit" for 127.0.0.1 at 2018-09-27 15:04:47 -0400
Processing by CompaniesController#edit as HTML
  Parameters: {"id"=>"1"}
  [1m[36mCompany Load (0.1ms)[0m  [1m[34mSELECT  "companies".* FROM "companies" WHERE "companies"."id" = ? LIMIT ?[0m  [["id", 1], ["LIMIT", 1]]
  ↳ app/controllers/companies_controller.rb:67
  Rendering companies/edit.html.erb within layouts/application
  Rendered companies/_form.html.erb (3.2ms)
  Rendered companies/edit.html.erb within layouts/application (4.3ms)
Completed 200 OK in 26ms (Views: 24.0ms | ActiveRecord: 0.1ms)


Started GET "/companies" for 127.0.0.1 at 2018-09-27 15:04:49 -0400
Processing by CompaniesController#index as HTML
  Rendering companies/index.html.erb within layouts/application
  [1m[36mCompany Load (0.8ms)[0m  [1m[34mSELECT "companies".* FROM "companies"[0m
  ↳ app/views/companies/index.html.erb:18
  Rendered companies/index.html.erb within layouts/application (5.3ms)
Completed 200 OK in 44ms (Views: 39.8ms | ActiveRecord: 0.8ms)


Started GET "/companies/new" for 127.0.0.1 at 2018-09-27 15:05:37 -0400
Processing by CompaniesController#new as HTML
  Rendering companies/new.html.erb within layouts/application
  Rendered companies/_form.html.erb (2.8ms)
  Rendered companies/new.html.erb within layouts/application (3.7ms)
Completed 200 OK in 22ms (Views: 21.1ms | ActiveRecord: 0.0ms)


Started POST "/companies" for 127.0.0.1 at 2018-09-27 15:06:04 -0400
Processing by CompaniesController#create as HTML
  Parameters: {"utf8"=>"✓", "authenticity_token"=>"159yYSl7mJQthR8CRs4OAmRzDiTHcey0I3TuSzTP+Mv4JN/DKWXDFsQNKioE97hp2O8t/A0PIxwk4n6xK85EYw==", "company"=>{"name"=>"zillow", "addres"=>"san francisco", "size"=>"10", "revenue"=>"100", "synopsis"=>"company"}, "commit"=>"Create Company"}
  [1m[35m (0.1ms)[0m  [1m[36mbegin transaction[0m
  ↳ app/controllers/companies_controller.rb:30
  [1m[36mCompany Create (0.8ms)[0m  [1m[32mINSERT INTO "companies" ("name", "addres", "size", "revenue", "synopsis", "created_at", "updated_at") VALUES (?, ?, ?, ?, ?, ?, ?)[0m  [["name", "zillow"], ["addres", "san francisco"], ["size", "10"], ["revenue", 100], ["synopsis", "company"], ["created_at", "2018-09-27 19:06:04.149126"], ["updated_at", "2018-09-27 19:06:04.149126"]]
  ↳ app/controllers/companies_controller.rb:30
  [1m[35m (4.1ms)[0m  [1m[36mcommit transaction[0m
  ↳ app/controllers/companies_controller.rb:30
Redirected to http://localhost:3000/companies/2
Completed 302 Found in 13ms (ActiveRecord: 5.0ms)


Started GET "/companies/2" for 127.0.0.1 at 2018-09-27 15:06:04 -0400
Processing by CompaniesController#show as HTML
  Parameters: {"id"=>"2"}
  [1m[36mCompany Load (0.2ms)[0m  [1m[34mSELECT  "companies".* FROM "companies" WHERE "companies"."id" = ? LIMIT ?[0m  [["id", 2], ["LIMIT", 1]]
  ↳ app/controllers/companies_controller.rb:67
  Rendering companies/show.html.erb within layouts/application
  Rendered companies/show.html.erb within layouts/application (0.8ms)
Completed 200 OK in 24ms (Views: 21.9ms | ActiveRecord: 0.2ms)


Started GET "/companies" for 127.0.0.1 at 2018-09-27 15:06:06 -0400
Processing by CompaniesController#index as HTML
  Rendering companies/index.html.erb within layouts/application
  [1m[36mCompany Load (0.5ms)[0m  [1m[34mSELECT "companies".* FROM "companies"[0m
  ↳ app/views/companies/index.html.erb:18
  Rendered companies/index.html.erb within layouts/application (5.1ms)
Completed 200 OK in 39ms (Views: 36.3ms | ActiveRecord: 0.5ms)


Started GET "/companies/1" for 127.0.0.1 at 2018-09-27 15:56:08 -0400
Processing by CompaniesController#show as HTML
  Parameters: {"id"=>"1"}
  [1m[36mCompany Load (0.5ms)[0m  [1m[34mSELECT  "companies".* FROM "companies" WHERE "companies"."id" = ? LIMIT ?[0m  [["id", 1], ["LIMIT", 1]]
  ↳ app/controllers/companies_controller.rb:67
  Rendering companies/show.html.erb within layouts/application
  Rendered companies/show.html.erb within layouts/application (1.5ms)
Completed 200 OK in 32ms (Views: 27.6ms | ActiveRecord: 0.5ms)


Started GET "/companies" for 127.0.0.1 at 2018-09-27 15:56:10 -0400
Processing by CompaniesController#index as HTML
  Rendering companies/index.html.erb within layouts/application
  [1m[36mCompany Load (0.3ms)[0m  [1m[34mSELECT "companies".* FROM "companies"[0m
  ↳ app/views/companies/index.html.erb:18
  Rendered companies/index.html.erb within layouts/application (4.7ms)
Completed 200 OK in 32ms (Views: 27.9ms | ActiveRecord: 0.3ms)


Started GET "/companies/1/edit" for 127.0.0.1 at 2018-09-27 15:56:15 -0400
Processing by CompaniesController#edit as HTML
  Parameters: {"id"=>"1"}
  [1m[36mCompany Load (0.7ms)[0m  [1m[34mSELECT  "companies".* FROM "companies" WHERE "companies"."id" = ? LIMIT ?[0m  [["id", 1], ["LIMIT", 1]]
  ↳ app/controllers/companies_controller.rb:67
  Rendering companies/edit.html.erb within layouts/application
  Rendered companies/_form.html.erb (9.1ms)
  Rendered companies/edit.html.erb within layouts/application (12.7ms)
Completed 200 OK in 47ms (Views: 40.5ms | ActiveRecord: 0.7ms)


Started GET "/companies" for 127.0.0.1 at 2018-09-27 15:56:18 -0400
Processing by CompaniesController#index as HTML
  Rendering companies/index.html.erb within layouts/application
  [1m[36mCompany Load (0.2ms)[0m  [1m[34mSELECT "companies".* FROM "companies"[0m
  ↳ app/views/companies/index.html.erb:18
  Rendered companies/index.html.erb within layouts/application (2.1ms)
Completed 200 OK in 26ms (Views: 20.0ms | ActiveRecord: 0.2ms)


Started DELETE "/companies/1" for 127.0.0.1 at 2018-09-27 15:56:23 -0400
Processing by CompaniesController#destroy as HTML
  Parameters: {"authenticity_token"=>"iqsPo1ktt0/4QXChHbIaYdjxCFhIbjvcjomTbd6IIX8zANSubsQcVhAttS258n1O2Ku38ZPcKYKoOLlRAzIH9w==", "id"=>"1"}
  [1m[36mCompany Load (0.1ms)[0m  [1m[34mSELECT  "companies".* FROM "companies" WHERE "companies"."id" = ? LIMIT ?[0m  [["id", 1], ["LIMIT", 1]]
  ↳ app/controllers/companies_controller.rb:67
  [1m[35m (0.0ms)[0m  [1m[36mbegin transaction[0m
  ↳ app/controllers/companies_controller.rb:57
  [1m[36mCompany Destroy (0.5ms)[0m  [1m[31mDELETE FROM "companies" WHERE "companies"."id" = ?[0m  [["id", 1]]
  ↳ app/controllers/companies_controller.rb:57
  [1m[35m (5.2ms)[0m  [1m[36mcommit transaction[0m
  ↳ app/controllers/companies_controller.rb:57
Redirected to http://localhost:3000/companies
Completed 302 Found in 9ms (ActiveRecord: 5.8ms)


Started GET "/companies" for 127.0.0.1 at 2018-09-27 15:56:23 -0400
Processing by CompaniesController#index as HTML
  Rendering companies/index.html.erb within layouts/application
  [1m[36mCompany Load (0.1ms)[0m  [1m[34mSELECT "companies".* FROM "companies"[0m
  ↳ app/views/companies/index.html.erb:18
  Rendered companies/index.html.erb within layouts/application (1.4ms)
Completed 200 OK in 20ms (Views: 18.5ms | ActiveRecord: 0.1ms)


Started GET "/companies/new" for 127.0.0.1 at 2018-09-27 15:56:24 -0400
Processing by CompaniesController#new as HTML
  Rendering companies/new.html.erb within layouts/application
  Rendered companies/_form.html.erb (5.7ms)
  Rendered companies/new.html.erb within layouts/application (7.7ms)
Completed 200 OK in 40ms (Views: 36.9ms | ActiveRecord: 0.0ms)


Started POST "/companies" for 127.0.0.1 at 2018-09-27 15:57:42 -0400
Processing by CompaniesController#create as HTML
  Parameters: {"utf8"=>"✓", "authenticity_token"=>"42JmTqttrvPoBZ1BSgf+DhinckrkVF2ql6ypsatYptPM2cvsq3P1cQGNqGkIPkhlpDtRki4qkgKQOjlLtFkaew==", "company"=>{"name"=>"trulia", "addres"=>"san francisco", "size"=>"abc", "revenue"=>"100", "synopsis"=>"sister company of zillow"}, "commit"=>"Create Company"}
  [1m[35m (0.2ms)[0m  [1m[36mbegin transaction[0m
  ↳ app/controllers/companies_controller.rb:30
  [1m[36mCompany Create (0.9ms)[0m  [1m[32mINSERT INTO "companies" ("name", "addres", "size", "revenue", "synopsis", "created_at", "updated_at") VALUES (?, ?, ?, ?, ?, ?, ?)[0m  [["name", "trulia"], ["addres", "san francisco"], ["size", "abc"], ["revenue", 100], ["synopsis", "sister company of zillow"], ["created_at", "2018-09-27 19:57:42.932184"], ["updated_at", "2018-09-27 19:57:42.932184"]]
  ↳ app/controllers/companies_controller.rb:30
  [1m[35m (4.6ms)[0m  [1m[36mcommit transaction[0m
  ↳ app/controllers/companies_controller.rb:30
Redirected to http://localhost:3000/companies/3
Completed 302 Found in 21ms (ActiveRecord: 5.8ms)


Started GET "/companies/3" for 127.0.0.1 at 2018-09-27 15:57:42 -0400
Processing by CompaniesController#show as HTML
  Parameters: {"id"=>"3"}
  [1m[36mCompany Load (0.1ms)[0m  [1m[34mSELECT  "companies".* FROM "companies" WHERE "companies"."id" = ? LIMIT ?[0m  [["id", 3], ["LIMIT", 1]]
  ↳ app/controllers/companies_controller.rb:67
  Rendering companies/show.html.erb within layouts/application
  Rendered companies/show.html.erb within layouts/application (0.9ms)
Completed 200 OK in 21ms (Views: 19.2ms | ActiveRecord: 0.1ms)


Started GET "/companies" for 127.0.0.1 at 2018-09-27 15:57:45 -0400
Processing by CompaniesController#index as HTML
  Rendering companies/index.html.erb within layouts/application
  [1m[36mCompany Load (0.6ms)[0m  [1m[34mSELECT "companies".* FROM "companies"[0m
  ↳ app/views/companies/index.html.erb:18
  Rendered companies/index.html.erb within layouts/application (5.7ms)
Completed 200 OK in 38ms (Views: 34.1ms | ActiveRecord: 0.6ms)


Started GET "/companies/new" for 127.0.0.1 at 2018-09-27 15:58:04 -0400
Processing by CompaniesController#new as HTML
  Rendering companies/new.html.erb within layouts/application
  Rendered companies/_form.html.erb (6.4ms)
  Rendered companies/new.html.erb within layouts/application (9.4ms)
Completed 200 OK in 36ms (Views: 33.1ms | ActiveRecord: 0.0ms)


Started GET "/companies" for 127.0.0.1 at 2018-09-27 15:58:24 -0400
Processing by CompaniesController#index as HTML
  Rendering companies/index.html.erb within layouts/application
  [1m[36mCompany Load (0.5ms)[0m  [1m[34mSELECT "companies".* FROM "companies"[0m
  ↳ app/views/companies/index.html.erb:18
  Rendered companies/index.html.erb within layouts/application (4.0ms)
Completed 200 OK in 31ms (Views: 27.8ms | ActiveRecord: 0.5ms)


Started GET "/companies/3/edit" for 127.0.0.1 at 2018-09-27 15:58:29 -0400
Processing by CompaniesController#edit as HTML
  Parameters: {"id"=>"3"}
  [1m[36mCompany Load (0.3ms)[0m  [1m[34mSELECT  "companies".* FROM "companies" WHERE "companies"."id" = ? LIMIT ?[0m  [["id", 3], ["LIMIT", 1]]
  ↳ app/controllers/companies_controller.rb:67
  Rendering companies/edit.html.erb within layouts/application
  Rendered companies/_form.html.erb (3.2ms)
  Rendered companies/edit.html.erb within layouts/application (4.6ms)
Completed 200 OK in 37ms (Views: 21.0ms | ActiveRecord: 0.3ms)


Started PATCH "/companies/3" for 127.0.0.1 at 2018-09-27 15:58:33 -0400
Processing by CompaniesController#update as HTML
  Parameters: {"utf8"=>"✓", "authenticity_token"=>"CmV/bS39gDsT/ZHPr94+1UZvu7Ua8lBLQwHQObmNNUHi5gupPOC1pQ0PQlE1uda2z7TPeB/2RCe0FVG9t4VjXw==", "company"=>{"name"=>"trulia", "addres"=>"san francisco", "size"=>"1000", "revenue"=>"100", "synopsis"=>"sister company of zillow"}, "commit"=>"Update Company", "id"=>"3"}
  [1m[36mCompany Load (0.3ms)[0m  [1m[34mSELECT  "companies".* FROM "companies" WHERE "companies"."id" = ? LIMIT ?[0m  [["id", 3], ["LIMIT", 1]]
  ↳ app/controllers/companies_controller.rb:67
  [1m[35m (0.1ms)[0m  [1m[36mbegin transaction[0m
  ↳ app/controllers/companies_controller.rb:44
  [1m[36mCompany Update (1.0ms)[0m  [1m[33mUPDATE "companies" SET "size" = ?, "updated_at" = ? WHERE "companies"."id" = ?[0m  [["size", "1000"], ["updated_at", "2018-09-27 19:58:33.929133"], ["id", 3]]
  ↳ app/controllers/companies_controller.rb:44
  [1m[35m (4.3ms)[0m  [1m[36mcommit transaction[0m
  ↳ app/controllers/companies_controller.rb:44
Redirected to http://localhost:3000/companies/3
Completed 302 Found in 16ms (ActiveRecord: 5.6ms)


Started GET "/companies/3" for 127.0.0.1 at 2018-09-27 15:58:33 -0400
Processing by CompaniesController#show as HTML
  Parameters: {"id"=>"3"}
  [1m[36mCompany Load (0.2ms)[0m  [1m[34mSELECT  "companies".* FROM "companies" WHERE "companies"."id" = ? LIMIT ?[0m  [["id", 3], ["LIMIT", 1]]
  ↳ app/controllers/companies_controller.rb:67
  Rendering companies/show.html.erb within layouts/application
  Rendered companies/show.html.erb within layouts/application (1.3ms)
Completed 200 OK in 30ms (Views: 27.3ms | ActiveRecord: 0.2ms)


Started GET "/companies" for 127.0.0.1 at 2018-09-27 15:58:36 -0400
Processing by CompaniesController#index as HTML
  Rendering companies/index.html.erb within layouts/application
  [1m[36mCompany Load (0.4ms)[0m  [1m[34mSELECT "companies".* FROM "companies"[0m
  ↳ app/views/companies/index.html.erb:18
  Rendered companies/index.html.erb within layouts/application (4.1ms)
Completed 200 OK in 32ms (Views: 29.5ms | ActiveRecord: 0.4ms)


Started GET "/companies/new" for 127.0.0.1 at 2018-09-27 15:59:42 -0400
Processing by CompaniesController#new as HTML
  Rendering companies/new.html.erb within layouts/application
  Rendered companies/_form.html.erb (7.9ms)
  Rendered companies/new.html.erb within layouts/application (10.4ms)
Completed 200 OK in 41ms (Views: 38.6ms | ActiveRecord: 0.0ms)


Started GET "/companies" for 127.0.0.1 at 2018-09-27 15:59:43 -0400
Processing by CompaniesController#index as HTML
  Rendering companies/index.html.erb within layouts/application
  [1m[36mCompany Load (0.2ms)[0m  [1m[34mSELECT "companies".* FROM "companies"[0m
  ↳ app/views/companies/index.html.erb:18
  Rendered companies/index.html.erb within layouts/application (2.9ms)
Completed 200 OK in 26ms (Views: 23.4ms | ActiveRecord: 0.2ms)


Started GET "/companies/1/edit" for 127.0.0.1 at 2018-09-27 15:59:43 -0400
Processing by CompaniesController#edit as HTML
  Parameters: {"id"=>"1"}
  [1m[36mCompany Load (0.1ms)[0m  [1m[34mSELECT  "companies".* FROM "companies" WHERE "companies"."id" = ? LIMIT ?[0m  [["id", 1], ["LIMIT", 1]]
  ↳ app/controllers/companies_controller.rb:67
Completed 404 Not Found in 1ms (ActiveRecord: 0.1ms)


  
ActiveRecord::RecordNotFound (Couldn't find Company with 'id'=1):
  
app/controllers/companies_controller.rb:67:in `set_company'
Started GET "/companies" for 127.0.0.1 at 2018-09-27 15:59:43 -0400
Processing by CompaniesController#index as HTML
  Rendering companies/index.html.erb within layouts/application
  [1m[36mCompany Load (0.6ms)[0m  [1m[34mSELECT "companies".* FROM "companies"[0m
  ↳ app/views/companies/index.html.erb:18
  Rendered companies/index.html.erb within layouts/application (6.0ms)
Completed 200 OK in 41ms (Views: 37.0ms | ActiveRecord: 0.6ms)


Started GET "/companies/1" for 127.0.0.1 at 2018-09-27 15:59:43 -0400
Processing by CompaniesController#show as HTML
  Parameters: {"id"=>"1"}
  [1m[36mCompany Load (0.2ms)[0m  [1m[34mSELECT  "companies".* FROM "companies" WHERE "companies"."id" = ? LIMIT ?[0m  [["id", 1], ["LIMIT", 1]]
  ↳ app/controllers/companies_controller.rb:67
Completed 404 Not Found in 2ms (ActiveRecord: 0.2ms)


  
ActiveRecord::RecordNotFound (Couldn't find Company with 'id'=1):
  
app/controllers/companies_controller.rb:67:in `set_company'
Started GET "/companies" for 127.0.0.1 at 2018-09-27 15:59:49 -0400
Processing by CompaniesController#index as HTML
  Rendering companies/index.html.erb within layouts/application
  [1m[36mCompany Load (0.1ms)[0m  [1m[34mSELECT "companies".* FROM "companies"[0m
  ↳ app/views/companies/index.html.erb:18
  Rendered companies/index.html.erb within layouts/application (1.6ms)
Completed 200 OK in 19ms (Views: 18.1ms | ActiveRecord: 0.1ms)


Started GET "/companies/2" for 127.0.0.1 at 2018-09-27 15:59:50 -0400
Processing by CompaniesController#show as HTML
  Parameters: {"id"=>"2"}
  [1m[36mCompany Load (0.1ms)[0m  [1m[34mSELECT  "companies".* FROM "companies" WHERE "companies"."id" = ? LIMIT ?[0m  [["id", 2], ["LIMIT", 1]]
  ↳ app/controllers/companies_controller.rb:67
  Rendering companies/show.html.erb within layouts/application
  Rendered companies/show.html.erb within layouts/application (0.5ms)
Completed 200 OK in 17ms (Views: 15.4ms | ActiveRecord: 0.1ms)


Started GET "/companies/new" for 127.0.0.1 at 2018-09-27 15:59:50 -0400
Processing by CompaniesController#new as HTML
  Rendering companies/new.html.erb within layouts/application
  Rendered companies/_form.html.erb (9.4ms)
  Rendered companies/new.html.erb within layouts/application (12.8ms)
Completed 200 OK in 41ms (Views: 37.9ms | ActiveRecord: 0.0ms)


Started GET "/companies" for 127.0.0.1 at 2018-09-27 15:59:51 -0400
Processing by CompaniesController#index as HTML
  Rendering companies/index.html.erb within layouts/application
  [1m[36mCompany Load (0.2ms)[0m  [1m[34mSELECT "companies".* FROM "companies"[0m
  ↳ app/views/companies/index.html.erb:18
  Rendered companies/index.html.erb within layouts/application (2.8ms)
Completed 200 OK in 29ms (Views: 27.2ms | ActiveRecord: 0.2ms)


Started GET "/companies/1/edit" for 127.0.0.1 at 2018-09-27 15:59:51 -0400
Processing by CompaniesController#edit as HTML
  Parameters: {"id"=>"1"}
  [1m[36mCompany Load (0.2ms)[0m  [1m[34mSELECT  "companies".* FROM "companies" WHERE "companies"."id" = ? LIMIT ?[0m  [["id", 1], ["LIMIT", 1]]
  ↳ app/controllers/companies_controller.rb:67
Completed 404 Not Found in 2ms (ActiveRecord: 0.2ms)


  
ActiveRecord::RecordNotFound (Couldn't find Company with 'id'=1):
  
app/controllers/companies_controller.rb:67:in `set_company'
Started GET "/companies/1" for 127.0.0.1 at 2018-09-27 15:59:52 -0400
Processing by CompaniesController#show as HTML
  Parameters: {"id"=>"1"}
  [1m[36mCompany Load (0.2ms)[0m  [1m[34mSELECT  "companies".* FROM "companies" WHERE "companies"."id" = ? LIMIT ?[0m  [["id", 1], ["LIMIT", 1]]
  ↳ app/controllers/companies_controller.rb:67
Completed 404 Not Found in 11ms (ActiveRecord: 0.2ms)


  
ActiveRecord::RecordNotFound (Couldn't find Company with 'id'=1):
  
app/controllers/companies_controller.rb:67:in `set_company'
Started GET "/companies" for 127.0.0.1 at 2018-09-27 15:59:52 -0400
Processing by CompaniesController#index as HTML
  Rendering companies/index.html.erb within layouts/application
  [1m[36mCompany Load (0.2ms)[0m  [1m[34mSELECT "companies".* FROM "companies"[0m
  ↳ app/views/companies/index.html.erb:18
  Rendered companies/index.html.erb within layouts/application (2.5ms)
Completed 200 OK in 38ms (Views: 36.5ms | ActiveRecord: 0.2ms)


Started GET "/" for 127.0.0.1 at 2018-09-27 16:00:00 -0400
Processing by CompaniesController#index as HTML
  Rendering companies/index.html.erb within layouts/application
  [1m[36mCompany Load (0.3ms)[0m  [1m[34mSELECT "companies".* FROM "companies"[0m
  ↳ app/views/companies/index.html.erb:18
  Rendered companies/index.html.erb within layouts/application (3.9ms)
Completed 200 OK in 35ms (Views: 33.3ms | ActiveRecord: 0.3ms)


Started GET "/companies/2/edit" for 127.0.0.1 at 2018-09-27 16:00:52 -0400
Processing by CompaniesController#edit as HTML
  Parameters: {"id"=>"2"}
  [1m[36mCompany Load (0.5ms)[0m  [1m[34mSELECT  "companies".* FROM "companies" WHERE "companies"."id" = ? LIMIT ?[0m  [["id", 2], ["LIMIT", 1]]
  ↳ app/controllers/companies_controller.rb:67
  Rendering companies/edit.html.erb within layouts/application
  Rendered companies/_form.html.erb (5.3ms)
  Rendered companies/edit.html.erb within layouts/application (7.5ms)
Completed 200 OK in 45ms (Views: 40.4ms | ActiveRecord: 0.5ms)


Started GET "/companies" for 127.0.0.1 at 2018-09-27 16:00:58 -0400
Processing by CompaniesController#index as HTML
  Rendering companies/index.html.erb within layouts/application
  [1m[36mCompany Load (0.3ms)[0m  [1m[34mSELECT "companies".* FROM "companies"[0m
  ↳ app/views/companies/index.html.erb:18
  Rendered companies/index.html.erb within layouts/application (5.0ms)
Completed 200 OK in 32ms (Views: 28.8ms | ActiveRecord: 0.3ms)


Started GET "/" for 127.0.0.1 at 2018-09-27 16:03:26 -0400
Processing by CompaniesController#index as HTML
  Rendering companies/index.html.erb within layouts/application
  [1m[36mCompany Load (0.2ms)[0m  [1m[34mSELECT "companies".* FROM "companies"[0m
  ↳ app/views/companies/index.html.erb:18
  Rendered companies/index.html.erb within layouts/application (2.0ms)
Completed 200 OK in 23ms (Views: 21.5ms | ActiveRecord: 0.2ms)


  [1m[36mCompany Load (0.4ms)[0m  [1m[34mSELECT  "companies".* FROM "companies" LIMIT ?[0m  [["LIMIT", 11]]
Started GET "/" for 127.0.0.1 at 2018-09-28 13:35:07 -0400
  [1m[35m (0.1ms)[0m  [1m[34mSELECT "schema_migrations"."version" FROM "schema_migrations" ORDER BY "schema_migrations"."version" ASC[0m
  ↳ /var/lib/gems/2.3.0/gems/web-console-3.7.0/lib/web_console/middleware.rb:135
Processing by CompaniesController#index as HTML
  Rendering companies/index.html.erb within layouts/application
  [1m[36mCompany Load (0.2ms)[0m  [1m[34mSELECT "companies".* FROM "companies"[0m
  ↳ app/views/companies/index.html.erb:18
  Rendered companies/index.html.erb within layouts/application (9.8ms)
Completed 200 OK in 197ms (Views: 189.3ms | ActiveRecord: 0.6ms)


Started GET "/companies/2" for 127.0.0.1 at 2018-09-28 13:35:10 -0400
Processing by CompaniesController#show as HTML
  Parameters: {"id"=>"2"}
  [1m[36mCompany Load (0.1ms)[0m  [1m[34mSELECT  "companies".* FROM "companies" WHERE "companies"."id" = ? LIMIT ?[0m  [["id", 2], ["LIMIT", 1]]
  ↳ app/controllers/companies_controller.rb:67
  Rendering companies/show.html.erb within layouts/application
  Rendered companies/show.html.erb within layouts/application (0.7ms)
Completed 200 OK in 18ms (Views: 14.4ms | ActiveRecord: 0.1ms)


Started GET "/companies/2/edit" for 127.0.0.1 at 2018-09-28 13:35:12 -0400
Processing by CompaniesController#edit as HTML
  Parameters: {"id"=>"2"}
  [1m[36mCompany Load (0.2ms)[0m  [1m[34mSELECT  "companies".* FROM "companies" WHERE "companies"."id" = ? LIMIT ?[0m  [["id", 2], ["LIMIT", 1]]
  ↳ app/controllers/companies_controller.rb:67
  Rendering companies/edit.html.erb within layouts/application
  Rendered companies/_form.html.erb (9.3ms)
  Rendered companies/edit.html.erb within layouts/application (11.1ms)
Completed 200 OK in 54ms (Views: 50.5ms | ActiveRecord: 0.2ms)


Started PATCH "/companies/2" for 127.0.0.1 at 2018-09-28 13:35:21 -0400
Processing by CompaniesController#update as HTML
  Parameters: {"utf8"=>"✓", "authenticity_token"=>"McFDlkCfPvakI9S1qYk5Xlreiz04SnBEmkujNVVrHS3TS0bf8t8Y+8OpAilvzRNy/Jt4XEgBbbN4mr7OFfnMVA==", "company"=>{"name"=>"zillow1", "addres"=>"san francisco", "size"=>"10", "revenue"=>"100", "synopsis"=>"company"}, "commit"=>"Update Company", "id"=>"2"}
  [1m[36mCompany Load (0.8ms)[0m  [1m[34mSELECT  "companies".* FROM "companies" WHERE "companies"."id" = ? LIMIT ?[0m  [["id", 2], ["LIMIT", 1]]
  ↳ app/controllers/companies_controller.rb:67
  [1m[35m (0.2ms)[0m  [1m[36mbegin transaction[0m
  ↳ app/controllers/companies_controller.rb:44
  [1m[36mCompany Update (0.4ms)[0m  [1m[33mUPDATE "companies" SET "name" = ?, "updated_at" = ? WHERE "companies"."id" = ?[0m  [["name", "zillow1"], ["updated_at", "2018-09-28 17:35:21.068692"], ["id", 2]]
  ↳ app/controllers/companies_controller.rb:44
  [1m[35m (4.2ms)[0m  [1m[36mcommit transaction[0m
  ↳ app/controllers/companies_controller.rb:44
Redirected to http://localhost:3000/companies/2
Completed 302 Found in 23ms (ActiveRecord: 5.6ms)


Started GET "/companies/2" for 127.0.0.1 at 2018-09-28 13:35:21 -0400
Processing by CompaniesController#show as HTML
  Parameters: {"id"=>"2"}
  [1m[36mCompany Load (0.2ms)[0m  [1m[34mSELECT  "companies".* FROM "companies" WHERE "companies"."id" = ? LIMIT ?[0m  [["id", 2], ["LIMIT", 1]]
  ↳ app/controllers/companies_controller.rb:67
  Rendering companies/show.html.erb within layouts/application
  Rendered companies/show.html.erb within layouts/application (1.5ms)
Completed 200 OK in 33ms (Views: 29.7ms | ActiveRecord: 0.2ms)


Started GET "/companies" for 127.0.0.1 at 2018-09-28 13:35:22 -0400
Processing by CompaniesController#index as HTML
  Rendering companies/index.html.erb within layouts/application
  [1m[36mCompany Load (0.5ms)[0m  [1m[34mSELECT "companies".* FROM "companies"[0m
  ↳ app/views/companies/index.html.erb:18
  Rendered companies/index.html.erb within layouts/application (5.7ms)
Completed 200 OK in 37ms (Views: 33.5ms | ActiveRecord: 0.5ms)


Started GET "/" for 127.0.0.1 at 2018-09-30 15:12:49 -0400
  [1m[35m (0.0ms)[0m  [1m[34mSELECT "schema_migrations"."version" FROM "schema_migrations" ORDER BY "schema_migrations"."version" ASC[0m
  ↳ C:/Ruby24-x64/lib/ruby/gems/2.4.0/gems/activerecord-5.2.1/lib/active_record/log_subscriber.rb:98
Processing by CompaniesController#index as HTML
  Rendering companies/index.html.erb within layouts/application
  [1m[36mCompany Load (0.0ms)[0m  [1m[34mSELECT "companies".* FROM "companies"[0m
  ↳ app/views/companies/index.html.erb:18
  Rendered companies/index.html.erb within layouts/application (44.1ms)
Completed 200 OK in 2436ms (Views: 2396.2ms | ActiveRecord: 4.0ms)


Started GET "/companies/new" for 127.0.0.1 at 2018-09-30 15:13:24 -0400
Processing by CompaniesController#new as HTML
  Rendering companies/new.html.erb within layouts/application
  Rendered companies/_form.html.erb (322.8ms)
  Rendered companies/new.html.erb within layouts/application (355.5ms)
Completed 200 OK in 589ms (Views: 538.7ms | ActiveRecord: 0.0ms)


Started GET "/companies" for 127.0.0.1 at 2018-09-30 15:13:27 -0400
Processing by CompaniesController#index as HTML
  Rendering companies/index.html.erb within layouts/application
  [1m[36mCompany Load (0.0ms)[0m  [1m[34mSELECT "companies".* FROM "companies"[0m
  ↳ app/views/companies/index.html.erb:18
  Rendered companies/index.html.erb within layouts/application (0.0ms)
Completed 200 OK in 215ms (Views: 168.6ms | ActiveRecord: 0.0ms)


Started GET "/users" for 127.0.0.1 at 2018-09-30 15:13:44 -0400
Processing by UsersController#index as HTML
  Rendering users/index.html.erb within layouts/application
  [1m[36mUser Load (0.0ms)[0m  [1m[34mSELECT "users".* FROM "users"[0m
  ↳ app/views/users/index.html.erb:17
  Rendered users/index.html.erb within layouts/application (4.0ms)
Completed 200 OK in 379ms (Views: 196.6ms | ActiveRecord: 4.0ms)


Started GET "/signup" for 127.0.0.1 at 2018-09-30 15:13:53 -0400
  
ActionController::RoutingError (No route matches [GET] "/signup"):
  
actionpack (5.2.1) lib/action_dispatch/middleware/debug_exceptions.rb:65:in `call'
web-console (3.7.0) lib/web_console/middleware.rb:135:in `call_app'
web-console (3.7.0) lib/web_console/middleware.rb:30:in `block in call'
web-console (3.7.0) lib/web_console/middleware.rb:20:in `catch'
web-console (3.7.0) lib/web_console/middleware.rb:20:in `call'
actionpack (5.2.1) lib/action_dispatch/middleware/show_exceptions.rb:33:in `call'
railties (5.2.1) lib/rails/rack/logger.rb:38:in `call_app'
railties (5.2.1) lib/rails/rack/logger.rb:26:in `block in call'
activesupport (5.2.1) lib/active_support/tagged_logging.rb:71:in `block in tagged'
activesupport (5.2.1) lib/active_support/tagged_logging.rb:28:in `tagged'
activesupport (5.2.1) lib/active_support/tagged_logging.rb:71:in `tagged'
railties (5.2.1) lib/rails/rack/logger.rb:26:in `call'
sprockets-rails (3.2.1) lib/sprockets/rails/quiet_assets.rb:13:in `call'
actionpack (5.2.1) lib/action_dispatch/middleware/remote_ip.rb:81:in `call'
actionpack (5.2.1) lib/action_dispatch/middleware/request_id.rb:27:in `call'
rack (2.0.5) lib/rack/method_override.rb:22:in `call'
rack (2.0.5) lib/rack/runtime.rb:22:in `call'
activesupport (5.2.1) lib/active_support/cache/strategy/local_cache_middleware.rb:29:in `call'
actionpack (5.2.1) lib/action_dispatch/middleware/executor.rb:14:in `call'
actionpack (5.2.1) lib/action_dispatch/middleware/static.rb:127:in `call'
rack (2.0.5) lib/rack/sendfile.rb:111:in `call'
railties (5.2.1) lib/rails/engine.rb:524:in `call'
puma (3.12.0) lib/puma/configuration.rb:225:in `call'
puma (3.12.0) lib/puma/server.rb:658:in `handle_request'
puma (3.12.0) lib/puma/server.rb:472:in `process_client'
puma (3.12.0) lib/puma/server.rb:332:in `block in run'
puma (3.12.0) lib/puma/thread_pool.rb:133:in `block in spawn_thread'
Started GET "/users/new" for 127.0.0.1 at 2018-09-30 15:13:56 -0400
Processing by UsersController#new as HTML
  Rendering users/new.html.erb within layouts/application
  Rendered users/_form.html.erb (6.9ms)
  Rendered users/new.html.erb within layouts/application (1042.8ms)
Completed 200 OK in 6324ms (Views: 6287.5ms | ActiveRecord: 4.1ms)


Started GET "/users" for 127.0.0.1 at 2018-09-30 15:14:22 -0400
Processing by UsersController#index as HTML
  Rendering users/index.html.erb within layouts/application
  [1m[36mUser Load (0.0ms)[0m  [1m[34mSELECT "users".* FROM "users"[0m
  ↳ app/views/users/index.html.erb:17
  Rendered users/index.html.erb within layouts/application (4.0ms)
Completed 200 OK in 218ms (Views: 186.2ms | ActiveRecord: 0.0ms)


Started GET "/users/new" for 127.0.0.1 at 2018-09-30 15:14:25 -0400
Processing by UsersController#new as HTML
  Rendering users/new.html.erb within layouts/application
  Rendered users/_form.html.erb (4.0ms)
  Rendered users/new.html.erb within layouts/application (27.9ms)
Completed 200 OK in 261ms (Views: 214.0ms | ActiveRecord: 0.0ms)


Started POST "/users" for 127.0.0.1 at 2018-09-30 15:14:27 -0400
Processing by UsersController#create as HTML
  Parameters: {"utf8"=>"✓", "authenticity_token"=>"sNagwd46SPd9GBZyq14qFs093C/m41L0lzXXX/HUld6yQdm7HYiW2KSuEeCFtbIZj9hJLsNC0vSC8WBM+5vTWQ==", "user"=>{"name"=>"", "email"=>"", "password"=>"[FILTERED]", "phone"=>""}, "commit"=>"Create User"}
  [1m[35m (1.0ms)[0m  [1m[36mbegin transaction[0m
  ↳ app/controllers/users_controller.rb:30
  [1m[36mUser Create (5.1ms)[0m  [1m[32mINSERT INTO "users" ("name", "email", "password", "created_at", "updated_at") VALUES (?, ?, ?, ?, ?)[0m  [["name", ""], ["email", ""], ["password", ""], ["created_at", "2018-09-30 19:14:27.206708"], ["updated_at", "2018-09-30 19:14:27.206708"]]
  ↳ app/controllers/users_controller.rb:30
  [1m[35m (18.7ms)[0m  [1m[36mcommit transaction[0m
  ↳ app/controllers/users_controller.rb:30
Redirected to http://localhost:3000/users/1
Completed 302 Found in 34ms (ActiveRecord: 24.8ms)


Started GET "/users/1" for 127.0.0.1 at 2018-09-30 15:14:27 -0400
Processing by UsersController#show as HTML
  Parameters: {"id"=>"1"}
  [1m[36mUser Load (0.0ms)[0m  [1m[34mSELECT  "users".* FROM "users" WHERE "users"."id" = ? LIMIT ?[0m  [["id", 1], ["LIMIT", 1]]
  ↳ app/controllers/users_controller.rb:67
  Rendering users/show.html.erb within layouts/application
  Rendered users/show.html.erb within layouts/application (1.0ms)
Completed 200 OK in 306ms (Views: 233.3ms | ActiveRecord: 0.0ms)


Started GET "/users/1/edit" for 127.0.0.1 at 2018-09-30 15:14:29 -0400
Processing by UsersController#edit as HTML
  Parameters: {"id"=>"1"}
  [1m[36mUser Load (0.0ms)[0m  [1m[34mSELECT  "users".* FROM "users" WHERE "users"."id" = ? LIMIT ?[0m  [["id", 1], ["LIMIT", 1]]
  ↳ app/controllers/users_controller.rb:67
  Rendering users/edit.html.erb within layouts/application
  Rendered users/_form.html.erb (0.0ms)
  Rendered users/edit.html.erb within layouts/application (31.2ms)
Completed 200 OK in 278ms (Views: 229.2ms | ActiveRecord: 0.0ms)


Started GET "/users" for 127.0.0.1 at 2018-09-30 15:14:34 -0400
Processing by UsersController#index as HTML
  Rendering users/index.html.erb within layouts/application
  [1m[36mUser Load (0.0ms)[0m  [1m[34mSELECT "users".* FROM "users"[0m
  ↳ app/views/users/index.html.erb:17
  Rendered users/index.html.erb within layouts/application (0.0ms)
Completed 200 OK in 240ms (Views: 197.4ms | ActiveRecord: 0.0ms)


Started GET "/users/1" for 127.0.0.1 at 2018-09-30 15:14:36 -0400
Processing by UsersController#show as HTML
  Parameters: {"id"=>"1"}
  [1m[36mUser Load (1.0ms)[0m  [1m[34mSELECT  "users".* FROM "users" WHERE "users"."id" = ? LIMIT ?[0m  [["id", 1], ["LIMIT", 1]]
  ↳ app/controllers/users_controller.rb:67
  Rendering users/show.html.erb within layouts/application
  Rendered users/show.html.erb within layouts/application (0.0ms)
Completed 200 OK in 223ms (Views: 170.6ms | ActiveRecord: 1.0ms)


Started GET "/users" for 127.0.0.1 at 2018-09-30 15:14:38 -0400
Processing by UsersController#index as HTML
  Rendering users/index.html.erb within layouts/application
  [1m[36mUser Load (0.0ms)[0m  [1m[34mSELECT "users".* FROM "users"[0m
  ↳ app/views/users/index.html.erb:17
  Rendered users/index.html.erb within layouts/application (0.0ms)
Completed 200 OK in 218ms (Views: 169.9ms | ActiveRecord: 0.0ms)


Started GET "/users/new" for 127.0.0.1 at 2018-09-30 15:14:41 -0400
Processing by UsersController#new as HTML
  Rendering users/new.html.erb within layouts/application
  Rendered users/_form.html.erb (0.0ms)
  Rendered users/new.html.erb within layouts/application (32.7ms)
Completed 200 OK in 311ms (Views: 260.0ms | ActiveRecord: 0.0ms)


